<?xml version="1.0" encoding="UTF-8"?>
<testng-results skipped="0" failed="0" ignored="0" total="0" passed="0">
  <reporter-output>
  </reporter-output>
  <suite name="RestAssured.Rest.AppTest" duration-ms="68" started-at="2022-01-06T21:49:32 IST" finished-at="2022-01-06T21:49:32 IST">
    <groups>
    </groups>
    <test name="Command line test" duration-ms="68" started-at="2022-01-06T21:49:32 IST" finished-at="2022-01-06T21:49:32 IST">
    </test> <!-- Command line test -->
  </suite> <!-- RestAssured.Rest.AppTest -->
</testng-results>
