<?xml version="1.0" encoding="UTF-8"?>
<testng-results skipped="0" failed="0" ignored="1" total="4" passed="3">
  <reporter-output>
  </reporter-output>
  <suite name="Suite" duration-ms="314" started-at="2020-05-02T01:38:53Z" finished-at="2020-05-02T01:38:54Z">
    <groups>
    </groups>
    <test name="Test" duration-ms="314" started-at="2020-05-02T01:38:53Z" finished-at="2020-05-02T01:38:54Z">
      <class name="testNg.Groups">
        <test-method status="PASS" signature="vehicle()[pri:0, instance:testNg.Groups@15eef3d]" name="vehicle" duration-ms="68" started-at="2020-05-02T01:38:53Z" finished-at="2020-05-02T01:38:53Z">
          <reporter-output>
          </reporter-output>
        </test-method> <!-- vehicle -->
        <test-method status="PASS" signature="vehicle_bike()[pri:0, instance:testNg.Groups@15eef3d]" name="vehicle_bike" duration-ms="8" started-at="2020-05-02T01:38:53Z" finished-at="2020-05-02T01:38:53Z">
          <reporter-output>
          </reporter-output>
        </test-method> <!-- vehicle_bike -->
        <test-method status="PASS" signature="vehicle_car()[pri:0, instance:testNg.Groups@15eef3d]" name="vehicle_car" duration-ms="16" started-at="2020-05-02T01:38:53Z" finished-at="2020-05-02T01:38:53Z">
          <reporter-output>
          </reporter-output>
        </test-method> <!-- vehicle_car -->
      </class> <!-- testNg.Groups -->
    </test> <!-- Test -->
  </suite> <!-- Suite -->
</testng-results>
