<?xml version="1.0" encoding="UTF-8"?>
<testng-results skipped="0" failed="0" total="1" passed="1">
  <reporter-output>
  </reporter-output>
  <suite name="Suite" duration-ms="88874" started-at="2022-01-03T08:47:49Z" finished-at="2022-01-03T08:49:18Z">
    <groups>
    </groups>
    <test name="Test" duration-ms="88874" started-at="2022-01-03T08:47:49Z" finished-at="2022-01-03T08:49:18Z">
      <class name="jenkins.TestJenkins">
        <test-method status="PASS" signature="openGoogle()[pri:0, instance:jenkins.TestJenkins@c1fdc4]" name="openGoogle" duration-ms="88740" started-at="2022-01-03T14:17:49Z" finished-at="2022-01-03T14:19:18Z">
          <reporter-output>
          </reporter-output>
        </test-method> <!-- openGoogle -->
      </class> <!-- jenkins.TestJenkins -->
    </test> <!-- Test -->
  </suite> <!-- Suite -->
</testng-results>
