<?xml version="1.0" encoding="UTF-8"?>
<!-- Generated by org.testng.reporters.JUnitXMLReporter -->
<testsuite hostname="GIRESH" ignored="1" name="Test" tests="3" failures="0" timestamp="02 May 2020 01:38:54 GMT" time="0.314" errors="0">
  <testcase name="vehicle" time="0.068" classname="testNg.Groups"/>
  <testcase name="vehicle_bike" time="0.008" classname="testNg.Groups"/>
  <testcase name="vehicle_car" time="0.016" classname="testNg.Groups"/>
  <testcase name="Automobile_vehicle" time="0.0" classname="testNg.Groups">
    <ignored/>
  </testcase> <!-- Automobile_vehicle -->
</testsuite> <!-- Test -->
